<?xml version="1.0" encoding="UTF-8"?>
<!-- Generated by org.testng.reporters.JUnitReportReporter -->
<testsuite skipped="0" hostname="INBL01LAP30360" name="flights.TC_Flights_01Test" tests="1" failures="0" timestamp="2022-04-18T19:36:22 IST" time="28.854" errors="0">
  <testcase name="flight" time="28.854" classname="flights.TC_Flights_01Test"/>
  <system-out>
Home page is displayed successfully Flights page is displayed successfully  </system-out>
</testsuite> <!-- flights.TC_Flights_01Test -->
