<?xml version="1.0" encoding="UTF-8"?>
<!-- Generated by org.testng.reporters.JUnitReportReporter -->
<testsuite skipped="0" hostname="INBL01LAP30360" name="makeMyTripOptions.TC_Flights_01Test" tests="1" failures="0" timestamp="2022-04-19T11:03:27 IST" time="29.955" errors="0">
  <testcase name="flight" time="29.955" classname="makeMyTripOptions.TC_Flights_01Test"/>
  <system-out>
Home page is displayed successfully Flights page is displayed successfully  </system-out>
</testsuite> <!-- makeMyTripOptions.TC_Flights_01Test -->
